0 info it worked if it ends with ok
1 verbose cli [ 'C:\\Program Files\\nodejs\\node.exe',
1 verbose cli   'C:\\Users\\Donbelar\\AppData\\Roaming\\npm\\node_modules\\npm\\bin\\npm-cli.js',
1 verbose cli   'run',
1 verbose cli   'watch' ]
2 info using npm@4.1.1
3 info using node@v6.9.2
4 verbose run-script [ 'prewatch', 'watch', 'postwatch' ]
5 info lifecycle ionic-hello-world@~prewatch: ionic-hello-world@
6 silly lifecycle ionic-hello-world@~prewatch: no script for prewatch, continuing
7 info lifecycle ionic-hello-world@~watch: ionic-hello-world@
8 verbose lifecycle ionic-hello-world@~watch: unsafe-perm in lifecycle true
9 verbose lifecycle ionic-hello-world@~watch: PATH: C:\Users\Donbelar\AppData\Roaming\npm\node_modules\npm\bin\node-gyp-bin;G:\Work_Directory\Ionic2_Firebase_Sample\node_modules\.bin;C:\ProgramData\Oracle\Java\javapath;C:\Windows\system32;C:\Windows;C:\Windows\System32\Wbem;C:\Windows\System32\WindowsPowerShell\v1.0\;C:\Program Files (x86)\ATI Technologies\ATI.ACE\Core-Static;C:\Program Files (x86)\Skype\Phone\;C:\Program Files\nodejs\;C:\Program Files\Git\cmd;C:\Users\Donbelar\AppData\Roaming\npm;C:\Program Files (x86)\Microsoft VS Code\bin
10 verbose lifecycle ionic-hello-world@~watch: CWD: G:\Work_Directory\Ionic2_Firebase_Sample
11 silly lifecycle ionic-hello-world@~watch: Args: [ '/d /s /c', 'ionic-app-scripts watch' ]
12 silly lifecycle ionic-hello-world@~watch: Returned: code: 1  signal: null
13 info lifecycle ionic-hello-world@~watch: Failed to exec watch script
14 verbose stack Error: ionic-hello-world@ watch: `ionic-app-scripts watch`
14 verbose stack Exit status 1
14 verbose stack     at EventEmitter.<anonymous> (C:\Users\Donbelar\AppData\Roaming\npm\node_modules\npm\lib\utils\lifecycle.js:279:16)
14 verbose stack     at emitTwo (events.js:106:13)
14 verbose stack     at EventEmitter.emit (events.js:191:7)
14 verbose stack     at ChildProcess.<anonymous> (C:\Users\Donbelar\AppData\Roaming\npm\node_modules\npm\lib\utils\spawn.js:40:14)
14 verbose stack     at emitTwo (events.js:106:13)
14 verbose stack     at ChildProcess.emit (events.js:191:7)
14 verbose stack     at maybeClose (internal/child_process.js:877:16)
14 verbose stack     at Process.ChildProcess._handle.onexit (internal/child_process.js:226:5)
15 verbose pkgid ionic-hello-world@
16 verbose cwd G:\Work_Directory\Ionic2_Firebase_Sample
17 error Windows_NT 10.0.10240
18 error argv "C:\\Program Files\\nodejs\\node.exe" "C:\\Users\\Donbelar\\AppData\\Roaming\\npm\\node_modules\\npm\\bin\\npm-cli.js" "run" "watch"
19 error node v6.9.2
20 error npm  v4.1.1
21 error code ELIFECYCLE
22 error ionic-hello-world@ watch: `ionic-app-scripts watch`
22 error Exit status 1
23 error Failed at the ionic-hello-world@ watch script 'ionic-app-scripts watch'.
23 error Make sure you have the latest version of node.js and npm installed.
23 error If you do, this is most likely a problem with the ionic-hello-world package,
23 error not with npm itself.
23 error Tell the author that this fails on your system:
23 error     ionic-app-scripts watch
23 error You can get information on how to open an issue for this project with:
23 error     npm bugs ionic-hello-world
23 error Or if that isn't available, you can get their info via:
23 error     npm owner ls ionic-hello-world
23 error There is likely additional logging output above.
24 verbose exit [ 1, true ]
